10 1 1
10 1 1
10 1 1
13 8 592 1040 1
13 5 352 1056 CLKI
13 5 592 1040 CLKI
13 7 352 1056
13 5 352 1056 CLKI
13 8 352 1056 0
13 8 352 1056 0
13 7 352 1056
13 5 352 1040 CLKI
13 8 352 1056 0
13 8 352 1040 0
13 0 352 1040 592 1040
13 8 352 1040 1
13 8 352 1040 1
13 2 352 1040 592 1040
13 7 352 1040
13 8 352 1040 0
13 5 352 1056 CLKI
13 8 352 1040 0
13 8 352 1056 0
13 8 352 1056 0
13 7 352 1056
13 5 352 1056 CLKI
13 8 352 1056 0
13 8 352 1056 0
13 8 352 1056 0
13 7 352 1056
13 5 352 1056 CLKI
13 7 352 1056
13 5 352 1056 CLKI
13 8 352 1056 0
13 8 352 1056 0
13 8 352 1056 0
13 7 352 1056
13 5 352 1040 CLKI
13 8 352 1056 0
13 8 352 1056 0
13 8 352 1040 0
13 0 352 1040 592 1040
13 8 352 1040 1
17 0 main 848 848 0
17 0 2
