10 1 1
10 1 1
10 1 1
17 0 vga_pll 1904 1120 0
17 0 1
17 0 vga_pll 816 1360 0
17 0 hvsync 1984 1200 0
17 0 2
17 0 hvsync 1296 1248 0
13 0 1088 1408 1296 1408
13 0 816 1408 560 1408
13 5 560 1408 clki
13 8 560 1408 1
13 0 1776 1296 2000 1296
13 0 1776 1328 2000 1328
13 5 2000 1296 hsync
13 5 2000 1328 vsync
13 8 2016 1296 2
13 8 2000 1296 2
13 8 2000 1328 2
13 0 1776 1376 2000 1376
13 0 1776 1440 2000 1440
13 0 1776 1504 2000 1504
13 5 2000 1376 r[3:0]
13 5 2000 1440 g[3]
13 5 2000 1504 b[3]
13 5 2000 1440 g[3:0]
13 7 2000 1440
13 5 2000 1504 b[3:0]
13 7 2000 1504
13 8 2000 1376 2
13 8 2000 1440 2
13 8 2000 1504 2
