
synthesis -f "machxo2_first_impl1_lattice.synproj"
synthesis:  version Diamond (64-bit) 3.8.0.115.3

Copyright (c) 1991-1994 by NeoCAD Inc. All rights reserved.
Copyright (c) 1995 AT&T Corp.   All rights reserved.
Copyright (c) 1995-2001 Lucent Technologies Inc.  All rights reserved.
Copyright (c) 2001 Agere Systems   All rights reserved.
Copyright (c) 2002-2016 Lattice Semiconductor Corporation,  All rights reserved.
Sat Jan 21 22:54:17 2017


Command Line:  synthesis -f machxo2_first_impl1_lattice.synproj -gui -msgset E:/projects/prj_fpga_lattice/prj_VE-LCMXO27000HC/lcmx_prj/projects/machxo2_first/promote.xml 

    <postMsg mid="35002000" type="Info"    dynamic="0" navigation="0"  />
Synthesis options:
The -a option is MachXO2.
The -s option is 4.
The -t option is TQFP144.
The -d option is LCMXO2-7000HC.
Using package TQFP144.
Using performance grade 4.
                                                          

##########################################################

### Lattice Family : MachXO2

### Device  : LCMXO2-7000HC

### Package : TQFP144

### Speed   : 4

##########################################################

                                                          

Optimization goal = Balanced
Top-level module name = main.
Target frequency = 1.000000 MHz.
Maximum fanout = 1000.
Timing path count = 3
BRAM utilization = 100.000000 %
DSP usage = true
DSP utilization = 100.000000 %
fsm_encoding_style = auto
resolve_mixed_drivers = 0
fix_gated_clocks = 1

Mux style = Auto
Use Carry Chain = true
carry_chain_length = 0
Loop Limit = 1950.
Use IO Insertion = TRUE
Use IO Reg = AUTO

Resource Sharing = TRUE
Propagate Constants = TRUE
Remove Duplicate Registers = TRUE
force_gsr = auto
ROM style = auto
RAM style = auto
The -comp option is FALSE.
The -syn option is FALSE.
-p E:/projects/prj_fpga_lattice/prj_VE-LCMXO27000HC/lcmx_prj/projects/machxo2_first (searchpath added)
-p D:/dev/lattice/lscc/diamond/diamond/3.8_x64/ispfpga/xo2c00/data (searchpath added)
-p E:/projects/prj_fpga_lattice/prj_VE-LCMXO27000HC/lcmx_prj/projects/machxo2_first/impl1 (searchpath added)
-p E:/projects/prj_fpga_lattice/prj_VE-LCMXO27000HC/lcmx_prj/projects/machxo2_first (searchpath added)
Verilog design file = E:/projects/prj_fpga_lattice/prj_VE-LCMXO27000HC/lcmx_prj/projects/machxo2_first/hvsync.v
Verilog design file = E:/projects/prj_fpga_lattice/prj_VE-LCMXO27000HC/lcmx_prj/projects/machxo2_first/impl1/main.v
Verilog design file = E:/projects/prj_fpga_lattice/prj_VE-LCMXO27000HC/lcmx_prj/projects/machxo2_first/vga_pll.v
NGD file = machxo2_first_impl1.ngd
-sdc option: SDC file input not used.
-lpf option: Output file option is ON.
Hardtimer checking is enabled (default). The -dt option is not used.
The -r option is OFF. [ Remove LOC Properties is OFF. ]
Technology check ok...

Analyzing Verilog file D:/dev/lattice/lscc/diamond/diamond/3.8_x64/ispfpga/userware/NT/SYNTHESIS_HEADERS/machxo2.v. VERI-1482
Compile design.
Compile Design Begin
Analyzing Verilog file e:/projects/prj_fpga_lattice/prj_ve-lcmxo27000hc/lcmx_prj/projects/machxo2_first/hvsync.v. VERI-1482
Analyzing Verilog file e:/projects/prj_fpga_lattice/prj_ve-lcmxo27000hc/lcmx_prj/projects/machxo2_first/impl1/main.v. VERI-1482
Analyzing Verilog file e:/projects/prj_fpga_lattice/prj_ve-lcmxo27000hc/lcmx_prj/projects/machxo2_first/vga_pll.v. VERI-1482
Analyzing Verilog file D:/dev/lattice/lscc/diamond/diamond/3.8_x64/ispfpga/userware/NT/SYNTHESIS_HEADERS/machxo2.v. VERI-1482
Top module name (Verilog): main
    <postMsg mid="35901018" type="Info"    dynamic="2" navigation="2" arg0="e:/projects/prj_fpga_lattice/prj_ve-lcmxo27000hc/lcmx_prj/projects/machxo2_first/impl1/main.v(3): " arg1="main" arg2="e:/projects/prj_fpga_lattice/prj_ve-lcmxo27000hc/lcmx_prj/projects/machxo2_first/impl1/main.v" arg3="3"  />
    <postMsg mid="35901018" type="Info"    dynamic="2" navigation="2" arg0="e:/projects/prj_fpga_lattice/prj_ve-lcmxo27000hc/lcmx_prj/projects/machxo2_first/hvsync.v(5): " arg1="hvsync" arg2="e:/projects/prj_fpga_lattice/prj_ve-lcmxo27000hc/lcmx_prj/projects/machxo2_first/hvsync.v" arg3="5"  />
    <postMsg mid="35901018" type="Info"    dynamic="2" navigation="2" arg0="e:/projects/prj_fpga_lattice/prj_ve-lcmxo27000hc/lcmx_prj/projects/machxo2_first/vga_pll.v(8): " arg1="vga_pll" arg2="e:/projects/prj_fpga_lattice/prj_ve-lcmxo27000hc/lcmx_prj/projects/machxo2_first/vga_pll.v" arg3="8"  />
    <postMsg mid="35901018" type="Info"    dynamic="2" navigation="2" arg0="D:/dev/lattice/lscc/diamond/diamond/3.8_x64/ispfpga/userware/NT/SYNTHESIS_HEADERS/machxo2.v(1124): " arg1="VLO" arg2="D:/dev/lattice/lscc/diamond/diamond/3.8_x64/ispfpga/userware/NT/SYNTHESIS_HEADERS/machxo2.v" arg3="1124"  />
    <postMsg mid="35901018" type="Info"    dynamic="2" navigation="2" arg0="D:/dev/lattice/lscc/diamond/diamond/3.8_x64/ispfpga/userware/NT/SYNTHESIS_HEADERS/machxo2.v(1730): " arg1="EHXPLLJ_renamed_due_excessive_length_1" arg2="D:/dev/lattice/lscc/diamond/diamond/3.8_x64/ispfpga/userware/NT/SYNTHESIS_HEADERS/machxo2.v" arg3="1730"  />
Last elaborated design is main()
Loading NGL library 'D:/dev/lattice/lscc/diamond/diamond/3.8_x64/ispfpga/xo2c00a/data/xo2alib.ngl'...
Loading NGL library 'D:/dev/lattice/lscc/diamond/diamond/3.8_x64/ispfpga/xo2c00/data/xo2clib.ngl'...
Loading NGL library 'D:/dev/lattice/lscc/diamond/diamond/3.8_x64/ispfpga/mg5g00/data/mg5glib.ngl'...
Loading NGL library 'D:/dev/lattice/lscc/diamond/diamond/3.8_x64/ispfpga/or5g00/data/orc5glib.ngl'...
Loading device for application map from file 'xo2c7000.nph' in environment: D:/dev/lattice/lscc/diamond/diamond/3.8_x64/ispfpga.
Package Status:                     Final          Version 1.39.
Top-level module name = main.



GSR will not be inferred because no asynchronous signal was found in the netlist.
Applying 1.000000 MHz constraint to all clocks

    <postMsg mid="35001611" type="Warning" dynamic="0" navigation="0"  />
Results of NGD DRC are available in main_drc.log.
Loading NGL library 'D:/dev/lattice/lscc/diamond/diamond/3.8_x64/ispfpga/xo2c00a/data/xo2alib.ngl'...
Loading NGL library 'D:/dev/lattice/lscc/diamond/diamond/3.8_x64/ispfpga/xo2c00/data/xo2clib.ngl'...
Loading NGL library 'D:/dev/lattice/lscc/diamond/diamond/3.8_x64/ispfpga/mg5g00/data/mg5glib.ngl'...
Loading NGL library 'D:/dev/lattice/lscc/diamond/diamond/3.8_x64/ispfpga/or5g00/data/orc5glib.ngl'...


Running DRC...

DRC complete with no errors or warnings

Design Results:
     86 blocks expanded
completed the first expansion
All blocks are expanded and NGD expansion is successful.
Writing NGD file machxo2_first_impl1.ngd.

################### Begin Area Report (main)######################
Number of register bits => 26 of 7209 (0 % )
CCU2D => 12
EHXPLLJ => 1
FD1S3AX => 2
FD1S3IX => 24
GSR => 1
IB => 1
LUT4 => 28
OB => 14
################### End Area Report ##################

################### Begin BlackBox Report ######################
TSALL => 1
################### End BlackBox Report ##################

################### Begin Clock Report ######################
Clock Nets
Number of Clocks: 3
  Net : I2/N_1, loads : 14
  Net : I1/hsync_c, loads : 13
  Net : clki_c, loads : 1
Clock Enable Nets
Number of Clock Enables: 0
Top 0 highest fanout Clock Enables:
Highest fanout non-clock nets
Top 10 highest fanout non-clock nets:
  Net : I1/vvisible, loads : 12
  Net : I1/hvisible, loads : 12
  Net : I1/n190, loads : 11
  Net : I1/n189, loads : 11
  Net : I1/pixel_count_7, loads : 8
  Net : I1/pixel_count_8, loads : 8
  Net : I1/pixel_count_4, loads : 7
  Net : I1/pixel_count_6, loads : 7
  Net : I1/pixel_count_3, loads : 6
  Net : I1/pixel_count_5, loads : 6
################### End Clock Report ##################

Timing Report Summary
--------------
--------------------------------------------------------------------------------
Constraint                              |   Constraint|       Actual|Levels
--------------------------------------------------------------------------------
                                        |             |             |
create_clock -period 1000.000000 -name  |             |             |
clk1 [get_nets N_1]                     |    1.000 MHz|  135.943 MHz|     4  
                                        |             |             |
create_clock -period 1000.000000 -name  |             |             |
clk0 [get_nets hsync_c]                 |    1.000 MHz|  155.739 MHz|     4  
                                        |             |             |
--------------------------------------------------------------------------------


All constraints were met.


Peak Memory Usage: 56.602  MB

--------------------------------------------------------------
Elapsed CPU time for LSE flow : 0.516  secs
--------------------------------------------------------------

map -a "MachXO2" -p LCMXO2-7000HC -t TQFP144 -s 4 -oc Commercial   "machxo2_first_impl1.ngd" -o "machxo2_first_impl1_map.ncd" -pr "machxo2_first_impl1.prf" -mp "machxo2_first_impl1.mrp" -lpf "E:/projects/prj_fpga_lattice/prj_VE-LCMXO27000HC/lcmx_prj/projects/machxo2_first/impl1/machxo2_first_impl1.lpf" -lpf "E:/projects/prj_fpga_lattice/prj_VE-LCMXO27000HC/lcmx_prj/projects/machxo2_first/machxo2_first.lpf" -c 0            
map:  version Diamond (64-bit) 3.8.0.115.3

Copyright (c) 1991-1994 by NeoCAD Inc. All rights reserved.
Copyright (c) 1995 AT&T Corp.   All rights reserved.
Copyright (c) 1995-2001 Lucent Technologies Inc.  All rights reserved.
Copyright (c) 2001 Agere Systems   All rights reserved.
Copyright (c) 2002-2016 Lattice Semiconductor Corporation,  All rights reserved.
   Process the file: machxo2_first_impl1.ngd
   Picdevice="LCMXO2-7000HC"

   Pictype="TQFP144"

   Picspeed=4

   Remove unused logic

   Do not produce over sized NCDs.

Part used: LCMXO2-7000HCTQFP144, Performance used: 4.

Loading device for application map from file 'xo2c7000.nph' in environment: D:/dev/lattice/lscc/diamond/diamond/3.8_x64/ispfpga.
Package Status:                     Final          Version 1.39.

Running general design DRC...

Removing unused logic...

Optimizing...




Design Summary:
   Number of registers:     26 out of  7209 (0%)
      PFU registers:           26 out of  6864 (0%)
      PIO registers:            0 out of   345 (0%)
   Number of SLICEs:        26 out of  3432 (1%)
      SLICEs as Logic/ROM:     26 out of  3432 (1%)
      SLICEs as RAM:            0 out of  2574 (0%)
      SLICEs as Carry:         12 out of  3432 (0%)
   Number of LUT4s:         52 out of  6864 (1%)
      Number used as logic LUTs:         28
      Number used as distributed RAM:     0
      Number used as ripple logic:       24
      Number used as shift registers:     0
   Number of PIO sites used: 15 + 4(JTAG) out of 115 (17%)
   Number of block RAMs:  0 out of 26 (0%)
   Number of GSRs:  0 out of 1 (0%)
   EFB used :       No
   JTAG used :      No
   Readback used :  No
   Oscillator used :  No
   Startup used :   No
   POR :            On
   Bandgap :        On
   Number of Power Controller:  0 out of 1 (0%)
   Number of Dynamic Bank Controller (BCINRD):  0 out of 6 (0%)
   Number of Dynamic Bank Controller (BCLVDSO):  0 out of 1 (0%)
   Number of DCCA:  0 out of 8 (0%)
   Number of DCMA:  0 out of 2 (0%)
   Number of PLLs:  1 out of 2 (50%)
   Number of DQSDLLs:  0 out of 2 (0%)
   Number of CLKDIVC:  0 out of 4 (0%)
   Number of ECLKSYNCA:  0 out of 4 (0%)
   Number of ECLKBRIDGECS:  0 out of 2 (0%)
   Notes:-
      1. Total number of LUT4s = (Number of logic LUT4s) + 2*(Number of distributed RAMs) + 2*(Number of ripple logic)
      2. Number of logic LUT4s does not include count of distributed RAM and ripple logic.
   Number of clocks:  3
     Net hsync_c: 8 loads, 8 rising, 0 falling (Driver: I1/hsync_31 )
     Net N_1: 9 loads, 9 rising, 0 falling (Driver: I2/PLLInst_0 )
     Net clki_c: 1 loads, 1 rising, 0 falling (Driver: PIO clki )
   Number of Clock Enables:  0
   Number of LSRs:  4
     Net I1/n361: 1 loads, 1 LSLICEs
     Net I1/n190: 6 loads, 6 LSLICEs
     Net I1/n189: 6 loads, 6 LSLICEs
     Net I1/n348: 1 loads, 1 LSLICEs
   Number of nets driven by tri-state buffers:  0
   Top 10 highest fanout non-clock nets:
     Net I1/hvisible: 12 loads
     Net I1/vvisible: 12 loads
     Net I1/pixel_count_7: 8 loads
     Net I1/pixel_count_8: 8 loads
     Net I1/pixel_count_4: 7 loads
     Net I1/pixel_count_6: 7 loads
     Net I1/n189: 6 loads
     Net I1/n190: 6 loads
     Net I1/pixel_count_3: 6 loads
     Net I1/pixel_count_5: 6 loads
 

   Number of warnings:  0
   Number of errors:    0



Total CPU Time: 0 secs  
Total REAL Time: 0 secs  
Peak Memory Usage: 57 MB

Dumping design to file machxo2_first_impl1_map.ncd.

ncd2vdb "machxo2_first_impl1_map.ncd" ".vdbs/machxo2_first_impl1_map.vdb"

Loading device for application ncd2vdb from file 'xo2c7000.nph' in environment: D:/dev/lattice/lscc/diamond/diamond/3.8_x64/ispfpga.

mpartrce -p "machxo2_first_impl1.p2t" -f "machxo2_first_impl1.p3t" -tf "machxo2_first_impl1.pt" "machxo2_first_impl1_map.ncd" "machxo2_first_impl1.ncd"

---- MParTrce Tool ----
Removing old design directory at request of -rem command line option to this program.
Running par. Please wait . . .

Lattice Place and Route Report for Design "machxo2_first_impl1_map.ncd"
Sat Jan 21 22:54:20 2017

PAR: Place And Route Diamond (64-bit) 3.8.0.115.3.
Command Line: par -w -l 5 -i 6 -t 1 -c 0 -e 0 -gui -msgset E:/projects/prj_fpga_lattice/prj_VE-LCMXO27000HC/lcmx_prj/projects/machxo2_first/promote.xml -exp parUseNBR=1:parCDP=0:parCDR=0:parPathBased=OFF machxo2_first_impl1_map.ncd machxo2_first_impl1.dir/5_1.ncd machxo2_first_impl1.prf
Preference file: machxo2_first_impl1.prf.
Placement level-cost: 5-1.
Routing Iterations: 6

Loading design for application par from file machxo2_first_impl1_map.ncd.
Design name: main
NCD version: 3.3
Vendor:      LATTICE
Device:      LCMXO2-7000HC
Package:     TQFP144
Performance: 4
Loading device for application par from file 'xo2c7000.nph' in environment: D:/dev/lattice/lscc/diamond/diamond/3.8_x64/ispfpga.
Package Status:                     Final          Version 1.39.
Performance Hardware Data Status:   Final          Version 34.4.
License checked out.


Ignore Preference Error(s):  True
Device utilization summary:

   PIO (prelim)   15+4(JTAG)/336     6% used
                  15+4(JTAG)/115     17% bonded

   SLICE             26/3432         <1% used

   PLL                1/2            50% used


Number of Signals: 88
Number of Connections: 208

Pin Constraint Summary:
   15 out of 15 pins locked (100% locked).

The following 1 signal is selected to use the primary clock routing resources:
    N_1 (driver: I2/PLLInst_0, clk load #: 8)


The following 1 signal is selected to use the secondary clock routing resources:
    hsync_c (driver: I1/SLICE_14, clk load #: 8, sr load #: 0, ce load #: 0)

No signal is selected as Global Set/Reset.
Starting Placer Phase 0.

Finished Placer Phase 0.  REAL time: 0 secs 

Starting Placer Phase 1.
..................
Placer score = 15037.
Finished Placer Phase 1.  REAL time: 4 secs 

Starting Placer Phase 2.
.
Placer score =  15036
Finished Placer Phase 2.  REAL time: 4 secs 


------------------ Clock Report ------------------

Global Clock Resources:
  CLK_PIN    : 0 out of 8 (0%)
  PLL        : 1 out of 2 (50%)
  DCM        : 0 out of 2 (0%)
  DCC        : 0 out of 8 (0%)

Quadrants All (TL, TR, BL, BR) - Global Clocks:
  PRIMARY "N_1" from CLKOP on comp "I2/PLLInst_0" on PLL site "LPLL", clk load = 8
  SECONDARY "hsync_c" from Q0 on comp "I1/SLICE_14" on site "R14C18A", clk load = 8, ce load = 0, sr load = 0

  PRIMARY  : 1 out of 8 (12%)
  SECONDARY: 1 out of 8 (12%)

Edge Clocks:
  No edge clock selected.

--------------- End of Clock Report ---------------


I/O Usage Summary (final):
   15 + 4(JTAG) out of 336 (5.7%) PIO sites used.
   15 + 4(JTAG) out of 115 (16.5%) bonded PIO sites used.
   Number of PIO comps: 15; differential: 0.
   Number of Vref pins used: 0.

I/O Bank Usage Summary:
+----------+----------------+------------+-----------+
| I/O Bank | Usage          | Bank Vccio | Bank Vref |
+----------+----------------+------------+-----------+
| 0        | 0 / 28 (  0%)  | -          | -         |
| 1        | 0 / 29 (  0%)  | -          | -         |
| 2        | 1 / 29 (  3%)  | 2.5V       | -         |
| 3        | 4 / 9 ( 44%)   | 2.5V       | -         |
| 4        | 10 / 10 (100%) | 2.5V       | -         |
| 5        | 0 / 10 (  0%)  | -          | -         |
+----------+----------------+------------+-----------+

Total placer CPU time: 3 secs 

Dumping design to file machxo2_first_impl1.dir/5_1.ncd.

0 connections routed; 208 unrouted.
Starting router resource preassignment

Completed router resource preassignment. Real time: 5 secs 

Start NBR router at 22:54:25 01/21/17

*****************************************************************
Info: NBR allows conflicts(one node used by more than one signal)
      in the earlier iterations. In each iteration, it tries to  
      solve the conflicts while keeping the critical connections 
      routed as short as possible. The routing process is said to
      be completed when no conflicts exist and all connections   
      are routed.                                                
Note: NBR uses a different method to calculate timing slacks. The
      worst slack and total negative slack may not be the same as
      that in TRCE report. You should always run TRCE to verify  
      your design.                                               
*****************************************************************

Start NBR special constraint process at 22:54:25 01/21/17

Start NBR section for initial routing at 22:54:25 01/21/17
Level 1, iteration 1
1(0.00%) conflict; 144(69.23%) untouched conns; 95 (nbr) score; 
Estimated worst slack/total negative slack<setup>: -0.012ns/-0.096ns; real time: 5 secs 
Level 2, iteration 1
1(0.00%) conflict; 142(68.27%) untouched conns; 160 (nbr) score; 
Estimated worst slack/total negative slack<setup>: -0.020ns/-0.160ns; real time: 5 secs 
Level 3, iteration 1
3(0.00%) conflicts; 115(55.29%) untouched conns; 279 (nbr) score; 
Estimated worst slack/total negative slack<setup>: -0.035ns/-0.279ns; real time: 5 secs 
Level 4, iteration 1
0(0.00%) conflict; 0(0.00%) untouched conn; 1420 (nbr) score; 
Estimated worst slack/total negative slack<setup>: -0.196ns/-1.421ns; real time: 5 secs 

Info: Initial congestion level at 75% usage is 0
Info: Initial congestion area  at 75% usage is 0 (0.00%)

Start NBR section for normal routing at 22:54:25 01/21/17
Level 1, iteration 1
2(0.00%) conflicts; 0(0.00%) untouched conn; 376 (nbr) score; 
Estimated worst slack/total negative slack<setup>: -0.049ns/-0.376ns; real time: 5 secs 
Level 2, iteration 1
1(0.00%) conflict; 1(0.48%) untouched conn; 376 (nbr) score; 
Estimated worst slack/total negative slack<setup>: -0.049ns/-0.376ns; real time: 5 secs 
Level 3, iteration 1
2(0.00%) conflicts; 0(0.00%) untouched conn; 376 (nbr) score; 
Estimated worst slack/total negative slack<setup>: -0.049ns/-0.376ns; real time: 5 secs 
Level 4, iteration 1
1(0.00%) conflict; 0(0.00%) untouched conn; 376 (nbr) score; 
Estimated worst slack/total negative slack<setup>: -0.049ns/-0.376ns; real time: 6 secs 
Level 4, iteration 2
0(0.00%) conflict; 0(0.00%) untouched conn; 1420 (nbr) score; 
Estimated worst slack/total negative slack<setup>: -0.196ns/-1.421ns; real time: 6 secs 
Level 4, iteration 3
0(0.00%) conflict; 0(0.00%) untouched conn; 1420 (nbr) score; 
Estimated worst slack/total negative slack<setup>: -0.196ns/-1.421ns; real time: 6 secs 

Start NBR section for performance tuning (iteration 1) at 22:54:26 01/21/17
Level 4, iteration 1
1(0.00%) conflict; 0(0.00%) untouched conn; 376 (nbr) score; 
Estimated worst slack/total negative slack<setup>: -0.049ns/-0.376ns; real time: 6 secs 
Level 4, iteration 2
0(0.00%) conflict; 0(0.00%) untouched conn; 1420 (nbr) score; 
Estimated worst slack/total negative slack<setup>: -0.196ns/-1.421ns; real time: 6 secs 
Level 4, iteration 3
0(0.00%) conflict; 0(0.00%) untouched conn; 1420 (nbr) score; 
Estimated worst slack/total negative slack<setup>: -0.196ns/-1.421ns; real time: 6 secs 

Start NBR section for re-routing at 22:54:26 01/21/17
Level 4, iteration 1
0(0.00%) conflict; 0(0.00%) untouched conn; 1420 (nbr) score; 
Estimated worst slack/total negative slack<setup>: -0.196ns/-1.421ns; real time: 6 secs 

Start NBR section for post-routing at 22:54:26 01/21/17

End NBR router with 0 unrouted connection

NBR Summary
-----------
  Number of unrouted connections : 0 (0.00%)
  Number of connections with timing violations : 8 (3.85%)
  Estimated worst slack<setup> : -0.196ns
  Timing score<setup> : 980
-----------
Notes: The timing info is calculated for SETUP only and all PAR_ADJs are ignored.



Total CPU time 6 secs 
Total REAL time: 6 secs 
Completely routed.
End of route.  208 routed (100.00%); 0 unrouted.

Hold time timing score: 0, hold timing errors: 0

Timing score: 980 

Dumping design to file machxo2_first_impl1.dir/5_1.ncd.


PAR_SUMMARY::Run status = completed
PAR_SUMMARY::Number of unrouted conns = 0
PAR_SUMMARY::Worst  slack<setup/<ns>> = -0.196
PAR_SUMMARY::Timing score<setup/<ns>> = 0.980
PAR_SUMMARY::Worst  slack<hold /<ns>> = 0.377
PAR_SUMMARY::Timing score<hold /<ns>> = 0.000
PAR_SUMMARY::Number of errors = 0

Total CPU  time to completion: 6 secs 
Total REAL time to completion: 6 secs 

par done!

Copyright (c) 1991-1994 by NeoCAD Inc. All rights reserved.
Copyright (c) 1995 AT&T Corp.   All rights reserved.
Copyright (c) 1995-2001 Lucent Technologies Inc.  All rights reserved.
Copyright (c) 2001 Agere Systems   All rights reserved.
Copyright (c) 2002-2016 Lattice Semiconductor Corporation,  All rights reserved.
Exiting par with exit code 0
Exiting mpartrce with exit code 0

bitgen -f "machxo2_first_impl1.t2b" -w "machxo2_first_impl1.ncd" -jedec "machxo2_first_impl1.prf"


BITGEN: Bitstream Generator Diamond (64-bit) 3.8.0.115.3
Copyright (c) 1991-1994 by NeoCAD Inc. All rights reserved.
Copyright (c) 1995 AT&T Corp.   All rights reserved.
Copyright (c) 1995-2001 Lucent Technologies Inc.  All rights reserved.
Copyright (c) 2001 Agere Systems   All rights reserved.
Copyright (c) 2002-2016 Lattice Semiconductor Corporation,  All rights reserved.


Loading design for application Bitgen from file machxo2_first_impl1.ncd.
Design name: main
NCD version: 3.3
Vendor:      LATTICE
Device:      LCMXO2-7000HC
Package:     TQFP144
Performance: 4
Loading device for application Bitgen from file 'xo2c7000.nph' in environment: D:/dev/lattice/lscc/diamond/diamond/3.8_x64/ispfpga.
Package Status:                     Final          Version 1.39.
Performance Hardware Data Status:   Final          Version 34.4.

Running DRC.
DRC detected 0 errors and 0 warnings.
Reading Preference File from machxo2_first_impl1.prf.

Preference Summary:
+---------------------------------+---------------------------------+
|  Preference                     |  Current Setting                |
+---------------------------------+---------------------------------+
|                         RamCfg  |                        Reset**  |
+---------------------------------+---------------------------------+
|                     MCCLK_FREQ  |                         2.08**  |
+---------------------------------+---------------------------------+
|                  CONFIG_SECURE  |                          OFF**  |
+---------------------------------+---------------------------------+
|                      JTAG_PORT  |                       ENABLE**  |
+---------------------------------+---------------------------------+
|                       SDM_PORT  |                      DISABLE**  |
+---------------------------------+---------------------------------+
|                 SLAVE_SPI_PORT  |                      DISABLE**  |
+---------------------------------+---------------------------------+
|                MASTER_SPI_PORT  |                      DISABLE**  |
+---------------------------------+---------------------------------+
|                       I2C_PORT  |                      DISABLE**  |
+---------------------------------+---------------------------------+
|        MUX_CONFIGURATION_PORTS  |                      DISABLE**  |
+---------------------------------+---------------------------------+
|                  CONFIGURATION  |                          CFG**  |
+---------------------------------+---------------------------------+
|                COMPRESS_CONFIG  |                           ON**  |
+---------------------------------+---------------------------------+
|                        MY_ASSP  |                          OFF**  |
+---------------------------------+---------------------------------+
|               ONE_TIME_PROGRAM  |                          OFF**  |
+---------------------------------+---------------------------------+
|                 ENABLE_TRANSFR  |                      DISABLE**  |
+---------------------------------+---------------------------------+
|                  SHAREDEBRINIT  |                      DISABLE**  |
+---------------------------------+---------------------------------+
|            BACKGROUND_RECONFIG  |                          OFF**  |
+---------------------------------+---------------------------------+
 *  Default setting.
 ** The specified setting matches the default setting.


Creating bit map...
 
Bitstream Status: Final           Version 1.92.
 
Saving bit stream in "machxo2_first_impl1.jed".
 
===========
UFM Summary.
===========
UFM Size:        2046 Pages (128*2046 Bits).
UFM Utilization: General Purpose Flash Memory.
 
Available General Purpose Flash Memory: 2046 Pages (Page 0 to Page 2045).
Initialized UFM Pages:                     0 Page.
 
