synthesis:  version Diamond (64-bit) 3.8.0.115.3

Copyright (c) 1991-1994 by NeoCAD Inc. All rights reserved.
Copyright (c) 1995 AT&T Corp.   All rights reserved.
Copyright (c) 1995-2001 Lucent Technologies Inc.  All rights reserved.
Copyright (c) 2001 Agere Systems   All rights reserved.
Copyright (c) 2002-2016 Lattice Semiconductor Corporation,  All rights reserved.
Sat Jan 21 22:54:17 2017


Command Line:  synthesis -f machxo2_first_impl1_lattice.synproj -gui -msgset E:/projects/prj_fpga_lattice/prj_VE-LCMXO27000HC/lcmx_prj/projects/machxo2_first/promote.xml 

Synthesis options:
The -a option is MachXO2.
The -s option is 4.
The -t option is TQFP144.
The -d option is LCMXO2-7000HC.
Using package TQFP144.
Using performance grade 4.
                                                          

##########################################################

### Lattice Family : MachXO2

### Device  : LCMXO2-7000HC

### Package : TQFP144

### Speed   : 4

##########################################################

                                                          

Optimization goal = Balanced
Top-level module name = main.
Target frequency = 1.000000 MHz.
Maximum fanout = 1000.
Timing path count = 3
BRAM utilization = 100.000000 %
DSP usage = true
DSP utilization = 100.000000 %
fsm_encoding_style = auto
resolve_mixed_drivers = 0
fix_gated_clocks = 1

Mux style = Auto
Use Carry Chain = true
carry_chain_length = 0
Loop Limit = 1950.
Use IO Insertion = TRUE
Use IO Reg = AUTO

Resource Sharing = TRUE
Propagate Constants = TRUE
Remove Duplicate Registers = TRUE
force_gsr = auto
ROM style = auto
RAM style = auto
The -comp option is FALSE.
The -syn option is FALSE.
-p E:/projects/prj_fpga_lattice/prj_VE-LCMXO27000HC/lcmx_prj/projects/machxo2_first (searchpath added)
-p D:/dev/lattice/lscc/diamond/diamond/3.8_x64/ispfpga/xo2c00/data (searchpath added)
-p E:/projects/prj_fpga_lattice/prj_VE-LCMXO27000HC/lcmx_prj/projects/machxo2_first/impl1 (searchpath added)
-p E:/projects/prj_fpga_lattice/prj_VE-LCMXO27000HC/lcmx_prj/projects/machxo2_first (searchpath added)
Verilog design file = E:/projects/prj_fpga_lattice/prj_VE-LCMXO27000HC/lcmx_prj/projects/machxo2_first/hvsync.v
Verilog design file = E:/projects/prj_fpga_lattice/prj_VE-LCMXO27000HC/lcmx_prj/projects/machxo2_first/impl1/main.v
Verilog design file = E:/projects/prj_fpga_lattice/prj_VE-LCMXO27000HC/lcmx_prj/projects/machxo2_first/vga_pll.v
NGD file = machxo2_first_impl1.ngd
-sdc option: SDC file input not used.
-lpf option: Output file option is ON.
Hardtimer checking is enabled (default). The -dt option is not used.
The -r option is OFF. [ Remove LOC Properties is OFF. ]
Technology check ok...

Analyzing Verilog file D:/dev/lattice/lscc/diamond/diamond/3.8_x64/ispfpga/userware/NT/SYNTHESIS_HEADERS/machxo2.v. VERI-1482
Compile design.
Compile Design Begin
Analyzing Verilog file e:/projects/prj_fpga_lattice/prj_ve-lcmxo27000hc/lcmx_prj/projects/machxo2_first/hvsync.v. VERI-1482
Analyzing Verilog file e:/projects/prj_fpga_lattice/prj_ve-lcmxo27000hc/lcmx_prj/projects/machxo2_first/impl1/main.v. VERI-1482
Analyzing Verilog file e:/projects/prj_fpga_lattice/prj_ve-lcmxo27000hc/lcmx_prj/projects/machxo2_first/vga_pll.v. VERI-1482
Analyzing Verilog file D:/dev/lattice/lscc/diamond/diamond/3.8_x64/ispfpga/userware/NT/SYNTHESIS_HEADERS/machxo2.v. VERI-1482
Top module name (Verilog): main
INFO - synthesis: e:/projects/prj_fpga_lattice/prj_ve-lcmxo27000hc/lcmx_prj/projects/machxo2_first/impl1/main.v(3): compiling module main. VERI-1018
INFO - synthesis: e:/projects/prj_fpga_lattice/prj_ve-lcmxo27000hc/lcmx_prj/projects/machxo2_first/hvsync.v(5): compiling module hvsync. VERI-1018
INFO - synthesis: e:/projects/prj_fpga_lattice/prj_ve-lcmxo27000hc/lcmx_prj/projects/machxo2_first/vga_pll.v(8): compiling module vga_pll. VERI-1018
INFO - synthesis: D:/dev/lattice/lscc/diamond/diamond/3.8_x64/ispfpga/userware/NT/SYNTHESIS_HEADERS/machxo2.v(1124): compiling module VLO. VERI-1018
INFO - synthesis: D:/dev/lattice/lscc/diamond/diamond/3.8_x64/ispfpga/userware/NT/SYNTHESIS_HEADERS/machxo2.v(1730): compiling module EHXPLLJ_renamed_due_excessive_length_1. VERI-1018
Loading NGL library 'D:/dev/lattice/lscc/diamond/diamond/3.8_x64/ispfpga/xo2c00a/data/xo2alib.ngl'...
Loading NGL library 'D:/dev/lattice/lscc/diamond/diamond/3.8_x64/ispfpga/xo2c00/data/xo2clib.ngl'...
Loading NGL library 'D:/dev/lattice/lscc/diamond/diamond/3.8_x64/ispfpga/mg5g00/data/mg5glib.ngl'...
Loading NGL library 'D:/dev/lattice/lscc/diamond/diamond/3.8_x64/ispfpga/or5g00/data/orc5glib.ngl'...
Loading device for application map from file 'xo2c7000.nph' in environment: D:/dev/lattice/lscc/diamond/diamond/3.8_x64/ispfpga.
Package Status:                     Final          Version 1.39.
Top-level module name = main.



GSR will not be inferred because no asynchronous signal was found in the netlist.
Applying 1.000000 MHz constraint to all clocks

WARNING - synthesis: No user .sdc file.
Results of NGD DRC are available in main_drc.log.
Loading NGL library 'D:/dev/lattice/lscc/diamond/diamond/3.8_x64/ispfpga/xo2c00a/data/xo2alib.ngl'...
Loading NGL library 'D:/dev/lattice/lscc/diamond/diamond/3.8_x64/ispfpga/xo2c00/data/xo2clib.ngl'...
Loading NGL library 'D:/dev/lattice/lscc/diamond/diamond/3.8_x64/ispfpga/mg5g00/data/mg5glib.ngl'...
Loading NGL library 'D:/dev/lattice/lscc/diamond/diamond/3.8_x64/ispfpga/or5g00/data/orc5glib.ngl'...
All blocks are expanded and NGD expansion is successful.
Writing NGD file machxo2_first_impl1.ngd.

################### Begin Area Report (main)######################
Number of register bits => 26 of 7209 (0 % )
CCU2D => 12
EHXPLLJ => 1
FD1S3AX => 2
FD1S3IX => 24
GSR => 1
IB => 1
LUT4 => 28
OB => 14
################### End Area Report ##################

################### Begin BlackBox Report ######################
TSALL => 1
################### End BlackBox Report ##################

################### Begin Clock Report ######################
Clock Nets
Number of Clocks: 3
  Net : I2/N_1, loads : 14
  Net : I1/hsync_c, loads : 13
  Net : clki_c, loads : 1
Clock Enable Nets
Number of Clock Enables: 0
Top 0 highest fanout Clock Enables:
Highest fanout non-clock nets
Top 10 highest fanout non-clock nets:
  Net : I1/vvisible, loads : 12
  Net : I1/hvisible, loads : 12
  Net : I1/n190, loads : 11
  Net : I1/n189, loads : 11
  Net : I1/pixel_count_7, loads : 8
  Net : I1/pixel_count_8, loads : 8
  Net : I1/pixel_count_4, loads : 7
  Net : I1/pixel_count_6, loads : 7
  Net : I1/pixel_count_3, loads : 6
  Net : I1/pixel_count_5, loads : 6
################### End Clock Report ##################

Timing Report Summary
--------------
--------------------------------------------------------------------------------
Constraint                              |   Constraint|       Actual|Levels
--------------------------------------------------------------------------------
                                        |             |             |
create_clock -period 1000.000000 -name  |             |             |
clk1 [get_nets N_1]                     |    1.000 MHz|  135.943 MHz|     4  
                                        |             |             |
create_clock -period 1000.000000 -name  |             |             |
clk0 [get_nets hsync_c]                 |    1.000 MHz|  155.739 MHz|     4  
                                        |             |             |
--------------------------------------------------------------------------------


All constraints were met.


Peak Memory Usage: 56.602  MB

--------------------------------------------------------------
Elapsed CPU time for LSE flow : 0.516  secs
--------------------------------------------------------------
